This is pdfTeX, Version 3.14159265-2.6-1.40.18 (MiKTeX 2.9.6500 64-bit) (preloaded format=pdflatex 2018.2.11)  27 NOV 2018 00:52
entering extended mode
**"./Progress report v44 (1).tex"
("Progress report v44 (1).tex"
LaTeX2e <2017-04-15>
Babel <3.15> and hyphenation patterns for 75 language(s) loaded.

("C:\Users\miebakso\AppData\Local\Programs\MiKTeX 2.9\tex\latex\base\article.cl
s"
Document Class: article 2014/09/29 v1.4h Standard LaTeX document class
("C:\Users\miebakso\AppData\Local\Programs\MiKTeX 2.9\tex\latex\base\size10.clo
"
File: size10.clo 2014/09/29 v1.4h Standard LaTeX file (size option)
)
\c@part=\count79
\c@section=\count80
\c@subsection=\count81
\c@subsubsection=\count82
\c@paragraph=\count83
\c@subparagraph=\count84
\c@figure=\count85
\c@table=\count86
\abovecaptionskip=\skip41
\belowcaptionskip=\skip42
\bibindent=\dimen102
)
("C:\Users\miebakso\AppData\Local\Programs\MiKTeX 2.9\tex\latex\base\fontenc.st
y"
Package: fontenc 2017/04/05 v2.0i Standard LaTeX package

("C:\Users\miebakso\AppData\Local\Programs\MiKTeX 2.9\tex\latex\base\t1enc.def"
File: t1enc.def 2017/04/05 v2.0i Standard LaTeX file
LaTeX Font Info:    Redeclaring font encoding T1 on input line 48.
))
("C:\Users\miebakso\AppData\Local\Programs\MiKTeX 2.9\tex\generic\babel\babel.s
ty"
Package: babel 2018/09/26 3.24 The Babel package

("C:\Users\miebakso\AppData\Local\Programs\MiKTeX 2.9\tex\generic\babel\switch.
def"
File: switch.def 2018/09/26 3.24 Babel switching mechanism
)
*************************************
* Local config file bblopts.cfg used
*
(C:\Users\miebakso\AppData\Roaming\MiKTeX\2.9\tex\latex\arabi\bblopts.cfg
File: bblopts.cfg 2005/09/08 v0.1 add Arabic and Farsi to "declared" options of
 babel
)
(C:\Users\miebakso\AppData\Roaming\MiKTeX\2.9\tex\latex\babel-indonesian\bahasa
.ldf
Language: bahasa 2017/02/15 v1.0m Bahasa Indonesia support from the babel syste
m

(C:\Users\miebakso\AppData\Roaming\MiKTeX\2.9\tex\latex\babel-indonesian\indone
sian.ldf
Language: indonesian 2017/02/15 v1.0m Bahasa Indonesia support from the babel s
ystem

("C:\Users\miebakso\AppData\Local\Programs\MiKTeX 2.9\tex\generic\babel\babel.d
ef"
File: babel.def 2018/09/26 3.24 Babel common definitions
\babel@savecnt=\count87
\U@D=\dimen103

("C:\Users\miebakso\AppData\Local\Programs\MiKTeX 2.9\tex\generic\babel\txtbabe
l.def")
\bbl@dirlevel=\count88
))))
("C:\Users\miebakso\AppData\Local\Programs\MiKTeX 2.9\tex\latex\graphics\graphi
cx.sty"
Package: graphicx 2017/06/01 v1.1a Enhanced LaTeX Graphics (DPC,SPQR)

("C:\Users\miebakso\AppData\Local\Programs\MiKTeX 2.9\tex\latex\graphics\keyval
.sty"
Package: keyval 2014/10/28 v1.15 key=value parser (DPC)
\KV@toks@=\toks14
)
("C:\Users\miebakso\AppData\Local\Programs\MiKTeX 2.9\tex\latex\graphics\graphi
cs.sty"
Package: graphics 2017/06/25 v1.2c Standard LaTeX Graphics (DPC,SPQR)

("C:\Users\miebakso\AppData\Local\Programs\MiKTeX 2.9\tex\latex\graphics\trig.s
ty"
Package: trig 2016/01/03 v1.10 sin cos tan (DPC)
)
("C:\Users\miebakso\AppData\Local\Programs\MiKTeX 2.9\tex\latex\graphics-cfg\gr
aphics.cfg"
File: graphics.cfg 2016/06/04 v1.11 sample graphics configuration
)
Package graphics Info: Driver file: pdftex.def on input line 99.

("C:\Users\miebakso\AppData\Local\Programs\MiKTeX 2.9\tex\latex\graphics-def\pd
ftex.def"
File: pdftex.def 2018/01/08 v1.0l Graphics/color driver for pdftex
))
\Gin@req@height=\dimen104
\Gin@req@width=\dimen105
)
("C:\Users\miebakso\AppData\Local\Programs\MiKTeX 2.9\tex\latex\float\float.sty
"
Package: float 2001/11/08 v1.3d Float enhancements (AL)
\c@float@type=\count89
\float@exts=\toks15
\float@box=\box26
\@float@everytoks=\toks16
\@floatcapt=\box27
)
(C:\Users\miebakso\AppData\Roaming\MiKTeX\2.9\tex\latex\preprint\fullpage.sty
Package: fullpage 1999/02/23 1.1 (PWD)
\FP@margin=\skip43
)
(C:\Users\miebakso\AppData\Roaming\MiKTeX\2.9\tex\latex\etoolbox\etoolbox.sty
Package: etoolbox 2018/08/19 v2.5f e-TeX tools for LaTeX (JAW)
\etb@tempcnta=\count90
)
(C:\Users\miebakso\AppData\Roaming\MiKTeX\2.9\tex\latex\setspace\setspace.sty
Package: setspace 2011/12/19 v6.7a set line spacing
)
(C:\Users\miebakso\AppData\Roaming\MiKTeX\2.9\tex\latex\lipsum\lipsum.sty
Package: lipsum 2014/07/27 v1.3 150 paragraphs of Lorem Ipsum dummy text
\c@lips@count=\count91
)
("C:\Users\miebakso\AppData\Local\Programs\MiKTeX 2.9\tex\latex\listings\listin
gs.sty"
\lst@mode=\count92
\lst@gtempboxa=\box28
\lst@token=\toks17
\lst@length=\count93
\lst@currlwidth=\dimen106
\lst@column=\count94
\lst@pos=\count95
\lst@lostspace=\dimen107
\lst@width=\dimen108
\lst@newlines=\count96
\lst@lineno=\count97
\lst@maxwidth=\dimen109

("C:\Users\miebakso\AppData\Local\Programs\MiKTeX 2.9\tex\latex\listings\lstmis
c.sty"
File: lstmisc.sty 2018/09/02 1.7 (Carsten Heinz)
\c@lstnumber=\count98
\lst@skipnumbers=\count99
\lst@framebox=\box29
)
("C:\Users\miebakso\AppData\Local\Programs\MiKTeX 2.9\tex\latex\listings\listin
gs.cfg"
File: listings.cfg 2018/09/02 1.7 listings configuration
))
Package: listings 2018/09/02 1.7 (Carsten Heinz)

("C:\Users\miebakso\AppData\Local\Programs\MiKTeX 2.9\tex\latex\geometry\geomet
ry.sty"
Package: geometry 2018/04/16 v5.8 Page Geometry

("C:\Users\miebakso\AppData\Local\Programs\MiKTeX 2.9\tex\generic\oberdiek\ifpd
f.sty"
Package: ifpdf 2018/09/07 v3.3 Provides the ifpdf switch
)
("C:\Users\miebakso\AppData\Local\Programs\MiKTeX 2.9\tex\generic\oberdiek\ifvt
ex.sty"
Package: ifvtex 2016/05/16 v1.6 Detect VTeX and its facilities (HO)
Package ifvtex Info: VTeX not detected.
)
("C:\Users\miebakso\AppData\Local\Programs\MiKTeX 2.9\tex\generic\ifxetex\ifxet
ex.sty"
Package: ifxetex 2010/09/12 v0.6 Provides ifxetex conditional
)
\Gm@cnth=\count100
\Gm@cntv=\count101
\c@Gm@tempcnt=\count102
\Gm@bindingoffset=\dimen110
\Gm@wd@mp=\dimen111
\Gm@odd@mp=\dimen112
\Gm@even@mp=\dimen113
\Gm@layoutwidth=\dimen114
\Gm@layoutheight=\dimen115
\Gm@layouthoffset=\dimen116
\Gm@layoutvoffset=\dimen117
\Gm@dimlist=\toks18

("C:\Users\miebakso\AppData\Local\Programs\MiKTeX 2.9\tex\latex\geometry\geomet
ry.cfg")) ("Progress report v44 (1).aux")
\openout1 = `"Progress report v44 (1).aux"'.

LaTeX Font Info:    Checking defaults for OML/cmm/m/it on input line 24.
LaTeX Font Info:    ... okay on input line 24.
LaTeX Font Info:    Checking defaults for T1/cmr/m/n on input line 24.
LaTeX Font Info:    ... okay on input line 24.
LaTeX Font Info:    Checking defaults for OT1/cmr/m/n on input line 24.
LaTeX Font Info:    ... okay on input line 24.
LaTeX Font Info:    Checking defaults for OMS/cmsy/m/n on input line 24.
LaTeX Font Info:    ... okay on input line 24.
LaTeX Font Info:    Checking defaults for OMX/cmex/m/n on input line 24.
LaTeX Font Info:    ... okay on input line 24.
LaTeX Font Info:    Checking defaults for U/cmr/m/n on input line 24.
LaTeX Font Info:    ... okay on input line 24.

(C:\Users\miebakso\AppData\Roaming\MiKTeX\2.9\tex\context\base\supp-pdf.mkii
[Loading MPS to PDF converter (version 2006.09.02).]
\scratchcounter=\count103
\scratchdimen=\dimen118
\scratchbox=\box30
\nofMPsegments=\count104
\nofMParguments=\count105
\everyMPshowfont=\toks19
\MPscratchCnt=\count106
\MPscratchDim=\dimen119
\MPnumerator=\count107
\makeMPintoPDFobject=\count108
\everyMPtoPDFconversion=\toks20
)
("C:\Users\miebakso\AppData\Local\Programs\MiKTeX 2.9\tex\latex\oberdiek\epstop
df-base.sty"
Package: epstopdf-base 2016/05/15 v2.6 Base part for package epstopdf

("C:\Users\miebakso\AppData\Local\Programs\MiKTeX 2.9\tex\generic\oberdiek\infw
arerr.sty"
Package: infwarerr 2016/05/16 v1.4 Providing info/warning/error messages (HO)
)
("C:\Users\miebakso\AppData\Local\Programs\MiKTeX 2.9\tex\latex\oberdiek\grfext
.sty"
Package: grfext 2016/05/16 v1.2 Manage graphics extensions (HO)

("C:\Users\miebakso\AppData\Local\Programs\MiKTeX 2.9\tex\generic\oberdiek\kvde
finekeys.sty"
Package: kvdefinekeys 2016/05/16 v1.4 Define keys (HO)

("C:\Users\miebakso\AppData\Local\Programs\MiKTeX 2.9\tex\generic\oberdiek\ltxc
mds.sty"
Package: ltxcmds 2016/05/16 v1.23 LaTeX kernel commands for general use (HO)
)))
("C:\Users\miebakso\AppData\Local\Programs\MiKTeX 2.9\tex\latex\oberdiek\kvopti
ons.sty"
Package: kvoptions 2016/05/16 v3.12 Key value format for package options (HO)

("C:\Users\miebakso\AppData\Local\Programs\MiKTeX 2.9\tex\generic\oberdiek\kvse
tkeys.sty"
Package: kvsetkeys 2016/05/16 v1.17 Key value parser (HO)

("C:\Users\miebakso\AppData\Local\Programs\MiKTeX 2.9\tex\generic\oberdiek\etex
cmds.sty"
Package: etexcmds 2016/05/16 v1.6 Avoid name clashes with e-TeX commands (HO)

("C:\Users\miebakso\AppData\Local\Programs\MiKTeX 2.9\tex\generic\oberdiek\iflu
atex.sty"
Package: ifluatex 2016/05/16 v1.4 Provides the ifluatex switch (HO)
Package ifluatex Info: LuaTeX not detected.
)
Package etexcmds Info: Could not find \expanded.
(etexcmds)             That can mean that you are not using pdfTeX 1.50 or
(etexcmds)             that some package has redefined \expanded.
(etexcmds)             In the latter case, load this package earlier.
)))
("C:\Users\miebakso\AppData\Local\Programs\MiKTeX 2.9\tex\generic\oberdiek\pdft
excmds.sty"
Package: pdftexcmds 2018/09/10 v0.29 Utility functions of pdfTeX for LuaTeX (HO
)
Package pdftexcmds Info: LuaTeX not detected.
Package pdftexcmds Info: \pdf@primitive is available.
Package pdftexcmds Info: \pdf@ifprimitive is available.
Package pdftexcmds Info: \pdfdraftmode found.
)
Package epstopdf-base Info: Redefining graphics rule for `.eps' on input line 4
38.
Package grfext Info: Graphics extension search list:
(grfext)             [.pdf,.png,.jpg,.mps,.jpeg,.jbig2,.jb2,.PDF,.PNG,.JPG,.JPE
G,.JBIG2,.JB2,.eps]
(grfext)             \AppendGraphicsExtensions on input line 456.
)
\c@lstlisting=\count109

*geometry* driver: auto-detecting
*geometry* detected driver: pdftex
*geometry* verbose mode - [ preamble ] result:
* driver: pdftex
* paper: a4paper
* layout: <same size as paper>
* layoutoffset:(h,v)=(0.0pt,0.0pt)
* modes: twoside 
* h-part:(L,W,R)=(56.9055pt, 469.47049pt, 71.13188pt)
* v-part:(T,H,B)=(71.13188pt, 717.00946pt, 56.9055pt)
* \paperwidth=597.50787pt
* \paperheight=845.04684pt
* \textwidth=469.47049pt
* \textheight=717.00946pt
* \oddsidemargin=-15.36449pt
* \evensidemargin=-1.1381pt
* \topmargin=-31.1381pt
* \headheight=0.0pt
* \headsep=30.0pt
* \topskip=10.0pt
* \footskip=30.0pt
* \marginparwidth=111.0pt
* \marginparsep=11.0pt
* \columnsep=10.0pt
* \skip\footins=9.0pt plus 4.0pt minus 2.0pt
* \hoffset=0.0pt
* \voffset=0.0pt
* \mag=1000
* \@twocolumnfalse
* \@twosidetrue
* \@mparswitchtrue
* \@reversemarginfalse
* (1in=72.27pt=25.4mm, 1cm=28.453pt)


Overfull \vbox (7.49817pt too high) has occurred while \output is active []


[1{C:/Users/miebakso/AppData/Local/MiKTeX/2.9/pdftex/config/pdftex.map}

]
Overfull \hbox (4.93068pt too wide) in paragraph at lines 107--108
[]\T1/cmr/m/n/10 Mengkustomisasi dan meng-im-ple-men-ta-sik-an al-go-ri-tma \T1
/cmr/m/it/10 Ag-glo-me-ra-ti-ve Clus-te-ring \T1/cmr/m/n/10 pa-da ling-kung-an 
Spark. 
 []


Underfull \hbox (badness 10000) in paragraph at lines 124--127

 []

<bigdata.jpg, id=12, 602.25pt x 219.82124pt>
File: bigdata.jpg Graphic file (type jpg)
<use bigdata.jpg>
Package pdftex.def Info: bigdata.jpg  used on input line 131.
(pdftex.def)             Requested size: 421.57211pt x 153.87381pt.

Overfull \vbox (6.4151pt too high) has occurred while \output is active []


[2]

LaTeX Warning: Reference `fig:bigdata' on page 3 undefined on input line 136.


LaTeX Warning: Citation `tomwhite:01:htdg' on page 3 undefined on input line 16
6.


Overfull \vbox (7.49817pt too high) has occurred while \output is active []


[3 <./bigdata.jpg>]
<hmodule.png, id=20, 545.03625pt x 334.24875pt>
File: hmodule.png Graphic file (type png)
<use hmodule.png>
Package pdftex.def Info: hmodule.png  used on input line 199.
(pdftex.def)             Requested size: 272.51746pt x 167.12396pt.


LaTeX Warning: Reference `fig:hmodule' on page 4 undefined on input line 204.

<hdfshadoop.jpg, id=22, 556.32843pt x 408.77719pt>
File: hdfshadoop.jpg Graphic file (type jpg)
<use hdfshadoop.jpg>
Package pdftex.def Info: hdfshadoop.jpg  used on input line 221.
(pdftex.def)             Requested size: 333.79964pt x 245.2682pt.

Overfull \vbox (6.4151pt too high) has occurred while \output is active []


[4 <./hmodule.png>]

LaTeX Warning: Reference `fig:hdfshadoop' on page 5 undefined on input line 226
.

<mapreducehadoop.jpg, id=27, 511.15968pt x 411.78844pt>
File: mapreducehadoop.jpg Graphic file (type jpg)
<use mapreducehadoop.jpg>
Package pdftex.def Info: mapreducehadoop.jpg  used on input line 230.
(pdftex.def)             Requested size: 255.57921pt x 205.8937pt.

LaTeX Warning: Reference `fig:mapreducehadoop' on page 5 undefined on input lin
e 235.


Overfull \vbox (7.49817pt too high) has occurred while \output is active []


[5 <./hdfshadoop.jpg> <./mapreducehadoop.jpg>]
Underfull \hbox (badness 10000) in paragraph at lines 237--238

 []


LaTeX Warning: Citation `tomwhite:02:htdg' on page 6 undefined on input line 23
9.


Underfull \hbox (badness 10000) in paragraph at lines 239--240

 []

<mpstep.jpg, id=31, 493.0922pt x 331.2375pt>
File: mpstep.jpg Graphic file (type jpg)
<use mpstep.jpg>
Package pdftex.def Info: mpstep.jpg  used on input line 243.
(pdftex.def)             Requested size: 493.09099pt x 331.23668pt.

Overfull \hbox (23.6205pt too wide) in paragraph at lines 243--244
 [][] 
 []


LaTeX Warning: Reference `fig:mpstep' on page 6 undefined on input line 248.


Overfull \vbox (6.4151pt too high) has occurred while \output is active []


[6 <./mpstep.jpg>]
Underfull \hbox (badness 10000) in paragraph at lines 262--263

 []


Underfull \hbox (badness 10000) in paragraph at lines 264--265

 []


Underfull \hbox (badness 10000) in paragraph at lines 267--268

 []

<hdfs.jpg, id=35, 556.32843pt x 408.77719pt>
File: hdfs.jpg Graphic file (type jpg)
<use hdfs.jpg>
Package pdftex.def Info: hdfs.jpg  used on input line 271.
(pdftex.def)             Requested size: 333.79964pt x 245.2682pt.

LaTeX Warning: Reference `fig:hdfs' on page 7 undefined on input line 277.


Underfull \hbox (badness 10000) in paragraph at lines 277--278

 []


Overfull \vbox (7.49817pt too high) has occurred while \output is active []


[7 <./hdfs.jpg>]

LaTeX Warning: Citation `holdenkarau:02:ls' on page 8 undefined on input line 2
88.


Underfull \hbox (badness 10000) in paragraph at lines 288--289

 []


Underfull \hbox (badness 10000) in paragraph at lines 299--300

 []

<sparkcomponent.jpg, id=40, 514.92375pt x 270.25969pt>
File: sparkcomponent.jpg Graphic file (type jpg)
<use sparkcomponent.jpg>
Package pdftex.def Info: sparkcomponent.jpg  used on input line 303.
(pdftex.def)             Requested size: 319.24942pt x 167.55927pt.

Underfull \vbox (badness 10000) has occurred while \output is active []


Overfull \vbox (6.4151pt too high) has occurred while \output is active []


[8]

LaTeX Warning: Reference `fig:hdfs' on page 9 undefined on input line 308.

LaTeX Font Info:    Try loading font information for OMS+cmr on input line 312.

("C:\Users\miebakso\AppData\Local\Programs\MiKTeX 2.9\tex\latex\base\omscmr.fd"
File: omscmr.fd 2014/09/29 v2.5h Standard LaTeX font definitions
)
LaTeX Font Info:    Font shape `OMS/cmr/m/n' in size <10> not available
(Font)              Font shape `OMS/cmsy/m/n' tried instead on input line 312.

Overfull \vbox (7.49817pt too high) has occurred while \output is active []


[9 <./sparkcomponent.jpg>]
<sparkins.jpg, id=48, 389.20406pt x 193.47281pt>
File: sparkins.jpg Graphic file (type jpg)
<use sparkins.jpg>
Package pdftex.def Info: sparkins.jpg  used on input line 339.
(pdftex.def)             Requested size: 233.52423pt x 116.08458pt.


LaTeX Warning: Reference `fig:sparkins' on page 10 undefined on input line 344.



LaTeX Warning: Citation `holdenkarau:02:ls' on page 10 undefined on input line 
358.


Underfull \hbox (badness 10000) in paragraph at lines 358--359

 []


Underfull \hbox (badness 10000) in paragraph at lines 360--361

 []


Underfull \hbox (badness 10000) in paragraph at lines 363--364

 []


Underfull \hbox (badness 10000) in paragraph at lines 365--366

 []


Overfull \vbox (6.4151pt too high) has occurred while \output is active []


[10 <./sparkins.jpg>]
LaTeX Font Info:    Try loading font information for T1+cmtt on input line 398.


("C:\Users\miebakso\AppData\Local\Programs\MiKTeX 2.9\tex\latex\base\t1cmtt.fd"
File: t1cmtt.fd 2014/09/29 v2.5h Standard LaTeX font definitions
)
Underfull \hbox (badness 10000) in paragraph at lines 407--408

 []


Overfull \vbox (7.49817pt too high) has occurred while \output is active []


[11]

LaTeX Warning: Reference `tab:trans' on page 12 undefined on input line 418.

LaTeX Font Info:    External font `cmex10' loaded for size
(Font)              <7> on input line 424.
LaTeX Font Info:    External font `cmex10' loaded for size
(Font)              <5> on input line 424.

Underfull \hbox (badness 1515) in paragraph at lines 460--461
[]\T1/cmr/m/n/10 Mengembalikan \T1/cmr/m/it/10 da-ta-set \T1/cmr/m/n/10 ba-ru b
er-ti-pe \T1/cmr/m/it/10 pairs \T1/cmr/m/n/10 (K, Ite-ra-
 []


Underfull \hbox (badness 10000) in paragraph at lines 467--467
[]\T1/cmr/bx/n/10 sortByKey\T1/cmr/m/n/10 ([ascending], [num-Par-ti-
 []


Underfull \hbox (badness 10000) in paragraph at lines 473--473
[]\T1/cmr/bx/n/10 cogroup\T1/cmr/m/n/10 (otherDataset, [num-Par-ti-
 []


Underfull \hbox (badness 10000) in paragraph at lines 492--494

 []


Overfull \vbox (6.4151pt too high) has occurred while \output is active []


[12]

LaTeX Warning: Reference `tab:actions' on page 13 undefined on input line 495.


Underfull \hbox (badness 1043) in paragraph at lines 543--544
[]\T1/cmr/m/n/10 Memproses se-ti-ap \T1/cmr/m/it/10 ele-ment \T1/cmr/m/n/10 pa-
da \T1/cmr/m/it/10 da-ta-set \T1/cmr/m/n/10 meng-gu-nak-an
 []


Underfull \hbox (badness 10000) in paragraph at lines 554--557

 []

Missing character: There is no â in font cmr10!
Missing character: There is no € in font cmr10!
Missing character: There is no ™ in font cmr10!
Missing character: There is no â in font cmr10!
Missing character: There is no € in font cmr10!
Missing character: There is no ™ in font cmr10!
Missing character: There is no â in font cmr10!
Missing character: There is no € in font cmr10!
Missing character: There is no ™ in font cmr10!
Missing character: There is no â in font cmr10!
Missing character: There is no € in font cmr10!
Missing character: There is no ™ in font cmr10!

Underfull \hbox (badness 10000) in paragraph at lines 558--559

 []


Underfull \hbox (badness 10000) in paragraph at lines 562--563

 []


Overfull \vbox (7.49817pt too high) has occurred while \output is active []


[13]
Overfull \vbox (6.4151pt too high) has occurred while \output is active []


[14]
Underfull \hbox (badness 10000) in paragraph at lines 675--676

 []


Overfull \vbox (7.49817pt too high) has occurred while \output is active []


[15]
Underfull \hbox (badness 10000) in paragraph at lines 710--711

 []


Overfull \vbox (6.4151pt too high) has occurred while \output is active []


[16]
Underfull \hbox (badness 10000) in paragraph at lines 751--752

 []


Overfull \vbox (7.49817pt too high) has occurred while \output is active []


[17]
Underfull \hbox (badness 10000) in paragraph at lines 831--834

 []


Overfull \vbox (6.4151pt too high) has occurred while \output is active []


[18]
Overfull \vbox (7.49817pt too high) has occurred while \output is active []


[19]
Underfull \hbox (badness 10000) in paragraph at lines 857--858

 []


Underfull \hbox (badness 10000) in paragraph at lines 859--860

 []

<dendo.jpg, id=83, 842.39719pt x 387.69844pt>
File: dendo.jpg Graphic file (type jpg)
<use dendo.jpg>
Package pdftex.def Info: dendo.jpg  used on input line 864.
(pdftex.def)             Requested size: 421.19756pt x 193.84874pt.

LaTeX Warning: Reference `fig:dendo' on page 20 undefined on input line 869.


Overfull \vbox (6.4151pt too high) has occurred while \output is active []


[20 <./dendo.jpg>]
Overfull \hbox (543.2937pt too wide) in paragraph at lines 939--939
 []\T1/cmtt/m/n/10 Java(TM) SE Runtime Environment (build 1.8.0_112-b15)       
                                                            Java HotSpot(TM) 64
-Bit Server VM (build 25.112-b15, mixed mode)[] 
 []


Overfull \vbox (7.49817pt too high) has occurred while \output is active []


[21]
Overfull \hbox (1.56488pt too wide) in paragraph at lines 979--980
[]\T1/cmr/m/n/10 Pertama, do-nwlo-ad ver-si spark yang di-i-ngink-an da-ri link
 ht-tps://spark.apache.org/downloads.html 
 []


LaTeX Warning: Reference `fig:sparkshell' on page 22 undefined on input line 10
07.

<sparkshell.jpg, id=90, 674.52pt x 346.29375pt>
File: sparkshell.jpg Graphic file (type jpg)
<use sparkshell.jpg>
Package pdftex.def Info: sparkshell.jpg  used on input line 1015.
(pdftex.def)             Requested size: 337.25917pt x 173.14644pt.

Underfull \vbox (badness 1577) has occurred while \output is active []


Overfull \vbox (6.4151pt too high) has occurred while \output is active []


[22]
Underfull \hbox (badness 10000) in paragraph at lines 1023--1024

 []

<wordcount.jpg, id=94, 545.03625pt x 337.26pt>
File: wordcount.jpg Graphic file (type jpg)
<use wordcount.jpg>
Package pdftex.def Info: wordcount.jpg  used on input line 1029.
(pdftex.def)             Requested size: 327.02428pt x 202.35756pt.

LaTeX Warning: Reference `fig:wordcount' on page 23 undefined on input line 103
4.


Overfull \hbox (97.15265pt too wide) in paragraph at lines 1049--1049
 []\T1/cmtt/m/n/10 text: org.apache.spark.rdd.RDD[String] = README.md MapPartit
itonsRDD[1] at textFile at <console>:24[] 
 []


Overfull \vbox (7.49817pt too high) has occurred while \output is active []


[23 <./sparkshell.jpg> <./wordcount.jpg>]
Overfull \hbox (34.16803pt too wide) in paragraph at lines 1056--1056
 []\T1/cmtt/m/n/10 counts: org.apache.spark.rdd.RDD[(String, int)] = ShuffledRD
D[3] at map at <console>:25[] 
 []


Overfull \hbox (76.15778pt too wide) in paragraph at lines 1063--1063
 []\T1/cmtt/m/n/10 reduce: org.apache.spark.rdd.RDD[(String, int)] = ShuffledRD
D[4] at reduceByKey at <console>:25[] 
 []


Underfull \hbox (badness 10000) in paragraph at lines 1074--1075

 []


Overfull \vbox (6.4151pt too high) has occurred while \output is active []


[24]
Overfull \hbox (55.1629pt too wide) in paragraph at lines 1126--1126
 []\T1/cmtt/m/n/10 Copy .ssh/id_rsa.pub miliki master kepada .ssh/authorized_ke
ys untuk master dan juga slave.[] 
 []


Overfull \vbox (7.49817pt too high) has occurred while \output is active []


[25]
Overfull \hbox (65.40892pt too wide) in paragraph at lines 1199--1201
[][][][][][][][][][][][][][][][][][][][][][][][][][][][][][][][][][][][][][][][
] 
 []


Overfull \vbox (6.4151pt too high) has occurred while \output is active []


[26]
Overfull \vbox (7.49817pt too high) has occurred while \output is active []


[27] ("Progress report v44 (1).aux")

LaTeX Warning: There were undefined references.


LaTeX Warning: Label(s) may have changed. Rerun to get cross-references right.

 ) 
Here is how much of TeX's memory you used:
 4607 strings out of 493312
 66539 string characters out of 3138890
 256718 words of memory out of 3000000
 8067 multiletter control sequences out of 15000+200000
 15224 words of font info for 30 fonts, out of 3000000 for 9000
 1141 hyphenation exceptions out of 8191
 41i,9n,32p,1333b,940s stack positions out of 5000i,500n,10000p,200000b,50000s
 <C:\Users\miebakso\AppData\Local\MiKTeX\2.9\fonts\pk\ljfour\jknappen\ec\dpi6
00\ectt1000.pk> <C:\Users\miebakso\AppData\Local\MiKTeX\2.9\fonts\pk\ljfour\jkn
appen\ec\dpi600\ecbi1000.pk> <C:\Users\miebakso\AppData\Local\MiKTeX\2.9\fonts\
pk\ljfour\jknappen\ec\dpi600\ecti1000.pk> <C:\Users\miebakso\AppData\Local\MiKT
eX\2.9\fonts\pk\ljfour\jknappen\ec\dpi600\ecbx1000.pk> <C:\Users\miebakso\AppDa
ta\Local\MiKTeX\2.9\fonts\pk\ljfour\jknappen\ec\dpi600\ecbx1440.pk> <C:\Users\m
iebakso\AppData\Local\MiKTeX\2.9\fonts\pk\ljfour\jknappen\ec\dpi600\ecxc1200.pk
> <C:\Users\miebakso\AppData\Local\MiKTeX\2.9\fonts\pk\ljfour\jknappen\ec\dpi60
0\ecxc1728.pk> <C:\Users\miebakso\AppData\Local\MiKTeX\2.9\fonts\pk\ljfour\jkna
ppen\ec\dpi600\ecrm1000.pk> <C:\Users\miebakso\AppData\Local\MiKTeX\2.9\fonts\p
k\ljfour\jknappen\ec\dpi600\ecxc1000.pk><C:/Users/miebakso/AppData/Local/Progra
ms/MiKTeX 2.9/fonts/type1/public/amsfonts/cm/cmmi10.pfb><C:/Users/miebakso/AppD
ata/Local/Programs/MiKTeX 2.9/fonts/type1/public/amsfonts/cm/cmsy10.pfb>
Output written on "Progress report v44 (1).pdf" (27 pages, 1587779 bytes).
PDF statistics:
 550 PDF objects out of 1000 (max. 8388607)
 0 named destinations out of 1000 (max. 500000)
 56 words of extra memory for PDF output out of 10000 (max. 10000000)

